0 verbose cli C:\Program Files\nodejs\node.exe C:\Program Files\nodejs\node_modules\npm\bin\npm-cli.js
1 info using npm@11.9.0
2 info using node@v24.14.0
3 silly config load:file:C:\Program Files\nodejs\node_modules\npm\npmrc
4 silly config load:file:C:\Python_Workspace\PROJECTS\StudentManagementSystem\frontend_run2\.npmrc
5 silly config load:file:C:\Users\GOWTHAM K M\.npmrc
6 silly config load:file:C:\Users\GOWTHAM K M\AppData\Roaming\npm\etc\npmrc
7 verbose title npm install
8 verbose argv "install" "--cache" "C:\\Python_Workspace\\PROJECTS\\StudentManagementSystem\\npm_cache2"
9 verbose logfile logs-max:10 dir:C:\Python_Workspace\PROJECTS\StudentManagementSystem\npm_cache2\_logs\2026-06-25T08_31_28_217Z-
10 verbose logfile C:\Python_Workspace\PROJECTS\StudentManagementSystem\npm_cache2\_logs\2026-06-25T08_31_28_217Z-debug-0.log
11 silly logfile done cleaning log files
12 silly packumentCache heap:4496293888 maxSize:1124073472 maxEntrySize:562036736
13 silly idealTree buildDeps
14 silly reify moves {}
15 silly audit bulk request {
15 silly audit   '@alloc/quick-lru': [ '5.2.0' ],
15 silly audit   '@babel/code-frame': [ '7.29.0' ],
15 silly audit   '@babel/compat-data': [ '7.29.3' ],
15 silly audit   '@babel/core': [ '7.29.0' ],
15 silly audit   '@babel/generator': [ '7.29.1' ],
15 silly audit   '@babel/helper-compilation-targets': [ '7.28.6' ],
15 silly audit   '@babel/helper-globals': [ '7.28.0' ],
15 silly audit   '@babel/helper-module-imports': [ '7.28.6' ],
15 silly audit   '@babel/helper-module-transforms': [ '7.28.6' ],
15 silly audit   '@babel/helper-plugin-utils': [ '7.28.6' ],
15 silly audit   '@babel/helper-string-parser': [ '7.27.1' ],
15 silly audit   '@babel/helper-validator-identifier': [ '7.28.5' ],
15 silly audit   '@babel/helper-validator-option': [ '7.27.1' ],
15 silly audit   '@babel/helpers': [ '7.29.2' ],
15 silly audit   '@babel/parser': [ '7.29.3' ],
15 silly audit   '@babel/plugin-transform-react-jsx-self': [ '7.27.1' ],
15 silly audit   '@babel/plugin-transform-react-jsx-source': [ '7.27.1' ],
15 silly audit   '@babel/template': [ '7.28.6' ],
15 silly audit   '@babel/traverse': [ '7.29.0' ],
15 silly audit   '@babel/types': [ '7.29.0' ],
15 silly audit   '@esbuild/aix-ppc64': [ '0.21.5' ],
15 silly audit   '@esbuild/android-arm': [ '0.21.5' ],
15 silly audit   '@esbuild/android-arm64': [ '0.21.5' ],
15 silly audit   '@esbuild/android-x64': [ '0.21.5' ],
15 silly audit   '@esbuild/darwin-arm64': [ '0.21.5' ],
15 silly audit   '@esbuild/darwin-x64': [ '0.21.5' ],
15 silly audit   '@esbuild/freebsd-arm64': [ '0.21.5' ],
15 silly audit   '@esbuild/freebsd-x64': [ '0.21.5' ],
15 silly audit   '@esbuild/linux-arm': [ '0.21.5' ],
15 silly audit   '@esbuild/linux-arm64': [ '0.21.5' ],
15 silly audit   '@esbuild/linux-ia32': [ '0.21.5' ],
15 silly audit   '@esbuild/linux-loong64': [ '0.21.5' ],
15 silly audit   '@esbuild/linux-mips64el': [ '0.21.5' ],
15 silly audit   '@esbuild/linux-ppc64': [ '0.21.5' ],
15 silly audit   '@esbuild/linux-riscv64': [ '0.21.5' ],
15 silly audit   '@esbuild/linux-s390x': [ '0.21.5' ],
15 silly audit   '@esbuild/linux-x64': [ '0.21.5' ],
15 silly audit   '@esbuild/netbsd-x64': [ '0.21.5' ],
15 silly audit   '@esbuild/openbsd-x64': [ '0.21.5' ],
15 silly audit   '@esbuild/sunos-x64': [ '0.21.5' ],
15 silly audit   '@esbuild/win32-arm64': [ '0.21.5' ],
15 silly audit   '@esbuild/win32-ia32': [ '0.21.5' ],
15 silly audit   '@esbuild/win32-x64': [ '0.21.5' ],
15 silly audit   '@jridgewell/gen-mapping': [ '0.3.13' ],
15 silly audit   '@jridgewell/remapping': [ '2.3.5' ],
15 silly audit   '@jridgewell/resolve-uri': [ '3.1.2' ],
15 silly audit   '@jridgewell/sourcemap-codec': [ '1.5.5' ],
15 silly audit   '@jridgewell/trace-mapping': [ '0.3.31' ],
15 silly audit   '@nodelib/fs.scandir': [ '2.1.5' ],
15 silly audit   '@nodelib/fs.stat': [ '2.0.5' ],
15 silly audit   '@nodelib/fs.walk': [ '1.2.8' ],
15 silly audit   '@remix-run/router': [ '1.23.2' ],
15 silly audit   '@rolldown/pluginutils': [ '1.0.0-beta.27' ],
15 silly audit   '@rollup/rollup-android-arm-eabi': [ '4.60.3' ],
15 silly audit   '@rollup/rollup-android-arm64': [ '4.60.3' ],
15 silly audit   '@rollup/rollup-darwin-arm64': [ '4.60.3' ],
15 silly audit   '@rollup/rollup-darwin-x64': [ '4.60.3' ],
15 silly audit   '@rollup/rollup-freebsd-arm64': [ '4.60.3' ],
15 silly audit   '@rollup/rollup-freebsd-x64': [ '4.60.3' ],
15 silly audit   '@rollup/rollup-linux-arm-gnueabihf': [ '4.60.3' ],
15 silly audit   '@rollup/rollup-linux-arm-musleabihf': [ '4.60.3' ],
15 silly audit   '@rollup/rollup-linux-arm64-gnu': [ '4.60.3' ],
15 silly audit   '@rollup/rollup-linux-arm64-musl': [ '4.60.3' ],
15 silly audit   '@rollup/rollup-linux-loong64-gnu': [ '4.60.3' ],
15 silly audit   '@rollup/rollup-linux-loong64-musl': [ '4.60.3' ],
15 silly audit   '@rollup/rollup-linux-ppc64-gnu': [ '4.60.3' ],
15 silly audit   '@rollup/rollup-linux-ppc64-musl': [ '4.60.3' ],
15 silly audit   '@rollup/rollup-linux-riscv64-gnu': [ '4.60.3' ],
15 silly audit   '@rollup/rollup-linux-riscv64-musl': [ '4.60.3' ],
15 silly audit   '@rollup/rollup-linux-s390x-gnu': [ '4.60.3' ],
15 silly audit   '@rollup/rollup-linux-x64-gnu': [ '4.60.3' ],
15 silly audit   '@rollup/rollup-linux-x64-musl': [ '4.60.3' ],
15 silly audit   '@rollup/rollup-openbsd-x64': [ '4.60.3' ],
15 silly audit   '@rollup/rollup-openharmony-arm64': [ '4.60.3' ],
15 silly audit   '@rollup/rollup-win32-arm64-msvc': [ '4.60.3' ],
15 silly audit   '@rollup/rollup-win32-ia32-msvc': [ '4.60.3' ],
15 silly audit   '@rollup/rollup-win32-x64-gnu': [ '4.60.3' ],
15 silly audit   '@rollup/rollup-win32-x64-msvc': [ '4.60.3' ],
15 silly audit   '@types/babel__core': [ '7.20.5' ],
15 silly audit   '@types/babel__generator': [ '7.27.0' ],
15 silly audit   '@types/babel__template': [ '7.4.4' ],
15 silly audit   '@types/babel__traverse': [ '7.28.0' ],
15 silly audit   '@types/estree': [ '1.0.8' ],
15 silly audit   '@vitejs/plugin-react': [ '4.7.0' ],
15 silly audit   'any-promise': [ '1.3.0' ],
15 silly audit   anymatch: [ '3.1.3' ],
15 silly audit   arg: [ '5.0.2' ],
15 silly audit   asynckit: [ '0.4.0' ],
15 silly audit   autoprefixer: [ '10.5.0' ],
15 silly audit   axios: [ '1.16.0' ],
15 silly audit   'baseline-browser-mapping': [ '2.10.27' ],
15 silly audit   'binary-extensions': [ '2.3.0' ],
15 silly audit   braces: [ '3.0.3' ],
15 silly audit   browserslist: [ '4.28.2' ],
15 silly audit   'call-bind-apply-helpers': [ '1.0.2' ],
15 silly audit   'camelcase-css': [ '2.0.1' ],
15 silly audit   'caniuse-lite': [ '1.0.30001792' ],
15 silly audit   chokidar: [ '3.6.0' ],
15 silly audit   'glob-parent': [ '5.1.2', '6.0.2' ],
15 silly audit   'combined-stream': [ '1.0.8' ],
15 silly audit   commander: [ '4.1.1' ],
15 silly audit   'convert-source-map': [ '2.0.0' ],
15 silly audit   cssesc: [ '3.0.0' ],
15 silly audit   debug: [ '4.4.3' ],
15 silly audit   'delayed-stream': [ '1.0.0' ],
15 silly audit   didyoumean: [ '1.2.2' ],
15 silly audit   dlv: [ '1.1.3' ],
15 silly audit   'dunder-proto': [ '1.0.1' ],
15 silly audit   'electron-to-chromium': [ '1.5.352' ],
15 silly audit   'es-define-property': [ '1.0.1' ],
15 silly audit   'es-errors': [ '1.3.0' ],
15 silly audit   'es-object-atoms': [ '1.1.1' ],
15 silly audit   'es-set-tostringtag': [ '2.1.0' ],
15 silly audit   esbuild: [ '0.21.5' ],
15 silly audit   escalade: [ '3.2.0' ],
15 silly audit   'fast-glob': [ '3.3.3' ],
15 silly audit   fastq: [ '1.20.1' ],
15 silly audit   'fill-range': [ '7.1.1' ],
15 silly audit   'follow-redirects': [ '1.16.0' ],
15 silly audit   'form-data': [ '4.0.5' ],
15 silly audit   'fraction.js': [ '5.3.4' ],
15 silly audit   fsevents: [ '2.3.3' ],
15 silly audit   'function-bind': [ '1.1.2' ],
15 silly audit   gensync: [ '1.0.0-beta.2' ],
15 silly audit   'get-intrinsic': [ '1.3.0' ],
15 silly audit   'get-proto': [ '1.0.1' ],
15 silly audit   gopd: [ '1.2.0' ],
15 silly audit   'has-symbols': [ '1.1.0' ],
15 silly audit   'has-tostringtag': [ '1.0.2' ],
15 silly audit   hasown: [ '2.0.3' ],
15 silly audit   'is-binary-path': [ '2.1.0' ],
15 silly audit   'is-core-module': [ '2.16.2' ],
15 silly audit   'is-extglob': [ '2.1.1' ],
15 silly audit   'is-glob': [ '4.0.3' ],
15 silly audit   'is-number': [ '7.0.0' ],
15 silly audit   jiti: [ '1.21.7' ],
15 silly audit   'js-tokens': [ '4.0.0' ],
15 silly audit   jsesc: [ '3.1.0' ],
15 silly audit   json5: [ '2.2.3' ],
15 silly audit   lilconfig: [ '3.1.3' ],
15 silly audit   'lines-and-columns': [ '1.2.4' ],
15 silly audit   'loose-envify': [ '1.4.0' ],
15 silly audit   'lru-cache': [ '5.1.1' ],
15 silly audit   'math-intrinsics': [ '1.1.0' ],
15 silly audit   merge2: [ '1.4.1' ],
15 silly audit   micromatch: [ '4.0.8' ],
15 silly audit   'mime-db': [ '1.52.0' ],
15 silly audit   'mime-types': [ '2.1.35' ],
15 silly audit   ms: [ '2.1.3' ],
15 silly audit   mz: [ '2.7.0' ],
15 silly audit   nanoid: [ '3.3.12' ],
15 silly audit   'node-releases': [ '2.0.38' ],
15 silly audit   'normalize-path': [ '3.0.0' ],
15 silly audit   'object-assign': [ '4.1.1' ],
15 silly audit   'object-hash': [ '3.0.0' ],
15 silly audit   'path-parse': [ '1.0.7' ],
15 silly audit   picocolors: [ '1.1.1' ],
15 silly audit   picomatch: [ '2.3.2', '4.0.4' ],
15 silly audit   pify: [ '2.3.0' ],
15 silly audit   pirates: [ '4.0.7' ],
15 silly audit   postcss: [ '8.5.14' ],
15 silly audit   'postcss-import': [ '15.1.0' ],
15 silly audit   'postcss-js': [ '4.1.0' ],
15 silly audit   'postcss-load-config': [ '6.0.1' ],
15 silly audit   'postcss-nested': [ '6.2.0' ],
15 silly audit   'postcss-selector-parser': [ '6.1.2' ],
15 silly audit   'postcss-value-parser': [ '4.2.0' ],
15 silly audit   'proxy-from-env': [ '2.1.0' ],
15 silly audit   'queue-microtask': [ '1.2.3' ],
15 silly audit   react: [ '18.3.1' ],
15 silly audit   'react-dom': [ '18.3.1' ],
15 silly audit   'react-refresh': [ '0.17.0' ],
15 silly audit   'react-router': [ '6.30.3' ],
15 silly audit   'react-router-dom': [ '6.30.3' ],
15 silly audit   'read-cache': [ '1.0.0' ],
15 silly audit   readdirp: [ '3.6.0' ],
15 silly audit   resolve: [ '1.22.12' ],
15 silly audit   reusify: [ '1.1.0' ],
15 silly audit   rollup: [ '4.60.3' ],
15 silly audit   'run-parallel': [ '1.2.0' ],
15 silly audit   scheduler: [ '0.23.2' ],
15 silly audit   semver: [ '6.3.1' ],
15 silly audit   'source-map-js': [ '1.2.1' ],
15 silly audit   sucrase: [ '3.35.1' ],
15 silly audit   'supports-preserve-symlinks-flag': [ '1.0.0' ],
15 silly audit   tailwindcss: [ '3.4.19' ],
15 silly audit   thenify: [ '3.3.1' ],
15 silly audit   'thenify-all': [ '1.6.0' ],
15 silly audit   tinyglobby: [ '0.2.16' ],
15 silly audit   fdir: [ '6.5.0' ],
15 silly audit   'to-regex-range': [ '5.0.1' ],
15 silly audit   'ts-interface-checker': [ '0.1.13' ],
15 silly audit   'update-browserslist-db': [ '1.2.3' ],
15 silly audit   'util-deprecate': [ '1.0.2' ],
15 silly audit   vite: [ '5.4.21' ],
15 silly audit   yallist: [ '3.1.1' ]
15 silly audit }
16 http cache yallist@https://registry.npmjs.org/yallist/-/yallist-3.1.1.tgz 0ms (cache hit)
17 http cache util-deprecate@https://registry.npmjs.org/util-deprecate/-/util-deprecate-1.0.2.tgz 0ms (cache hit)
18 http cache vite@https://registry.npmjs.org/vite/-/vite-5.4.21.tgz 0ms (cache hit)
19 http cache update-browserslist-db@https://registry.npmjs.org/update-browserslist-db/-/update-browserslist-db-1.2.3.tgz 0ms (cache hit)
20 http cache to-regex-range@https://registry.npmjs.org/to-regex-range/-/to-regex-range-5.0.1.tgz 0ms (cache hit)
21 http cache ts-interface-checker@https://registry.npmjs.org/ts-interface-checker/-/ts-interface-checker-0.1.13.tgz 0ms (cache hit)
22 http cache thenify-all@https://registry.npmjs.org/thenify-all/-/thenify-all-1.6.0.tgz 0ms (cache hit)
23 http cache tinyglobby@https://registry.npmjs.org/tinyglobby/-/tinyglobby-0.2.16.tgz 0ms (cache hit)
24 http cache thenify@https://registry.npmjs.org/thenify/-/thenify-3.3.1.tgz 0ms (cache hit)
25 http cache supports-preserve-symlinks-flag@https://registry.npmjs.org/supports-preserve-symlinks-flag/-/supports-preserve-symlinks-flag-1.0.0.tgz 0ms (cache hit)
26 http cache tailwindcss@https://registry.npmjs.org/tailwindcss/-/tailwindcss-3.4.19.tgz 0ms (cache hit)
27 http cache sucrase@https://registry.npmjs.org/sucrase/-/sucrase-3.35.1.tgz 0ms (cache hit)
28 http cache source-map-js@https://registry.npmjs.org/source-map-js/-/source-map-js-1.2.1.tgz 0ms (cache hit)
29 http cache run-parallel@https://registry.npmjs.org/run-parallel/-/run-parallel-1.2.0.tgz 0ms (cache hit)
30 http cache scheduler@https://registry.npmjs.org/scheduler/-/scheduler-0.23.2.tgz 0ms (cache hit)
31 http cache rollup@https://registry.npmjs.org/rollup/-/rollup-4.60.3.tgz 0ms (cache hit)
32 http cache semver@https://registry.npmjs.org/semver/-/semver-6.3.1.tgz 0ms (cache hit)
33 http cache reusify@https://registry.npmjs.org/reusify/-/reusify-1.1.0.tgz 0ms (cache hit)
34 http cache readdirp@https://registry.npmjs.org/readdirp/-/readdirp-3.6.0.tgz 0ms (cache hit)
35 http cache resolve@https://registry.npmjs.org/resolve/-/resolve-1.22.12.tgz 0ms (cache hit)
36 http cache react-router-dom@https://registry.npmjs.org/react-router-dom/-/react-router-dom-6.30.3.tgz 0ms (cache hit)
37 http cache read-cache@https://registry.npmjs.org/read-cache/-/read-cache-1.0.0.tgz 0ms (cache hit)
38 http cache react-router@https://registry.npmjs.org/react-router/-/react-router-6.30.3.tgz 0ms (cache hit)
39 http cache react-refresh@https://registry.npmjs.org/react-refresh/-/react-refresh-0.17.0.tgz 0ms (cache hit)
40 http cache react-dom@https://registry.npmjs.org/react-dom/-/react-dom-18.3.1.tgz 0ms (cache hit)
41 http cache queue-microtask@https://registry.npmjs.org/queue-microtask/-/queue-microtask-1.2.3.tgz 0ms (cache hit)
42 http cache react@https://registry.npmjs.org/react/-/react-18.3.1.tgz 0ms (cache hit)
43 http cache postcss-value-parser@https://registry.npmjs.org/postcss-value-parser/-/postcss-value-parser-4.2.0.tgz 0ms (cache hit)
44 http cache proxy-from-env@https://registry.npmjs.org/proxy-from-env/-/proxy-from-env-2.1.0.tgz 0ms (cache hit)
45 http cache postcss-nested@https://registry.npmjs.org/postcss-nested/-/postcss-nested-6.2.0.tgz 0ms (cache hit)
46 http cache postcss-load-config@https://registry.npmjs.org/postcss-load-config/-/postcss-load-config-6.0.1.tgz 0ms (cache hit)
47 http cache postcss-selector-parser@https://registry.npmjs.org/postcss-selector-parser/-/postcss-selector-parser-6.1.2.tgz 0ms (cache hit)
48 http cache postcss-import@https://registry.npmjs.org/postcss-import/-/postcss-import-15.1.0.tgz 0ms (cache hit)
49 http cache postcss@https://registry.npmjs.org/postcss/-/postcss-8.5.14.tgz 0ms (cache hit)
50 http cache postcss-js@https://registry.npmjs.org/postcss-js/-/postcss-js-4.1.0.tgz 0ms (cache hit)
51 http cache pirates@https://registry.npmjs.org/pirates/-/pirates-4.0.7.tgz 0ms (cache hit)
52 http cache pify@https://registry.npmjs.org/pify/-/pify-2.3.0.tgz 0ms (cache hit)
53 http cache picomatch@https://registry.npmjs.org/picomatch/-/picomatch-2.3.2.tgz 0ms (cache hit)
54 http cache picocolors@https://registry.npmjs.org/picocolors/-/picocolors-1.1.1.tgz 0ms (cache hit)
55 http cache object-assign@https://registry.npmjs.org/object-assign/-/object-assign-4.1.1.tgz 0ms (cache hit)
56 http cache normalize-path@https://registry.npmjs.org/normalize-path/-/normalize-path-3.0.0.tgz 0ms (cache hit)
57 http cache object-hash@https://registry.npmjs.org/object-hash/-/object-hash-3.0.0.tgz 0ms (cache hit)
58 http cache path-parse@https://registry.npmjs.org/path-parse/-/path-parse-1.0.7.tgz 0ms (cache hit)
59 http cache node-releases@https://registry.npmjs.org/node-releases/-/node-releases-2.0.38.tgz 0ms (cache hit)
60 http cache nanoid@https://registry.npmjs.org/nanoid/-/nanoid-3.3.12.tgz 0ms (cache hit)
61 http cache ms@https://registry.npmjs.org/ms/-/ms-2.1.3.tgz 0ms (cache hit)
62 http cache mz@https://registry.npmjs.org/mz/-/mz-2.7.0.tgz 0ms (cache hit)
63 http cache mime-types@https://registry.npmjs.org/mime-types/-/mime-types-2.1.35.tgz 0ms (cache hit)
64 http cache mime-db@https://registry.npmjs.org/mime-db/-/mime-db-1.52.0.tgz 0ms (cache hit)
65 http cache micromatch@https://registry.npmjs.org/micromatch/-/micromatch-4.0.8.tgz 0ms (cache hit)
66 http cache merge2@https://registry.npmjs.org/merge2/-/merge2-1.4.1.tgz 0ms (cache hit)
67 http cache lru-cache@https://registry.npmjs.org/lru-cache/-/lru-cache-5.1.1.tgz 0ms (cache hit)
68 http cache math-intrinsics@https://registry.npmjs.org/math-intrinsics/-/math-intrinsics-1.1.0.tgz 0ms (cache hit)
69 http cache loose-envify@https://registry.npmjs.org/loose-envify/-/loose-envify-1.4.0.tgz 0ms (cache hit)
70 http cache lilconfig@https://registry.npmjs.org/lilconfig/-/lilconfig-3.1.3.tgz 0ms (cache hit)
71 http cache lines-and-columns@https://registry.npmjs.org/lines-and-columns/-/lines-and-columns-1.2.4.tgz 0ms (cache hit)
72 http cache json5@https://registry.npmjs.org/json5/-/json5-2.2.3.tgz 0ms (cache hit)
73 http cache js-tokens@https://registry.npmjs.org/js-tokens/-/js-tokens-4.0.0.tgz 0ms (cache hit)
74 http cache jsesc@https://registry.npmjs.org/jsesc/-/jsesc-3.1.0.tgz 0ms (cache hit)
75 http cache jiti@https://registry.npmjs.org/jiti/-/jiti-1.21.7.tgz 0ms (cache hit)
76 http cache is-number@https://registry.npmjs.org/is-number/-/is-number-7.0.0.tgz 0ms (cache hit)
77 http cache is-core-module@https://registry.npmjs.org/is-core-module/-/is-core-module-2.16.2.tgz 0ms (cache hit)
78 http cache is-glob@https://registry.npmjs.org/is-glob/-/is-glob-4.0.3.tgz 0ms (cache hit)
79 http cache is-extglob@https://registry.npmjs.org/is-extglob/-/is-extglob-2.1.1.tgz 0ms (cache hit)
80 http cache hasown@https://registry.npmjs.org/hasown/-/hasown-2.0.3.tgz 0ms (cache hit)
81 http cache has-tostringtag@https://registry.npmjs.org/has-tostringtag/-/has-tostringtag-1.0.2.tgz 0ms (cache hit)
82 http cache is-binary-path@https://registry.npmjs.org/is-binary-path/-/is-binary-path-2.1.0.tgz 0ms (cache hit)
83 http cache gopd@https://registry.npmjs.org/gopd/-/gopd-1.2.0.tgz 0ms (cache hit)
84 http cache glob-parent@https://registry.npmjs.org/glob-parent/-/glob-parent-6.0.2.tgz 0ms (cache hit)
85 http cache get-proto@https://registry.npmjs.org/get-proto/-/get-proto-1.0.1.tgz 0ms (cache hit)
86 http cache has-symbols@https://registry.npmjs.org/has-symbols/-/has-symbols-1.1.0.tgz 0ms (cache hit)
87 http cache get-intrinsic@https://registry.npmjs.org/get-intrinsic/-/get-intrinsic-1.3.0.tgz 0ms (cache hit)
88 http cache gensync@https://registry.npmjs.org/gensync/-/gensync-1.0.0-beta.2.tgz 0ms (cache hit)
89 http cache function-bind@https://registry.npmjs.org/function-bind/-/function-bind-1.1.2.tgz 0ms (cache hit)
90 http cache fraction.js@https://registry.npmjs.org/fraction.js/-/fraction.js-5.3.4.tgz 0ms (cache hit)
91 http cache form-data@https://registry.npmjs.org/form-data/-/form-data-4.0.5.tgz 0ms (cache hit)
92 http cache fill-range@https://registry.npmjs.org/fill-range/-/fill-range-7.1.1.tgz 0ms (cache hit)
93 http cache follow-redirects@https://registry.npmjs.org/follow-redirects/-/follow-redirects-1.16.0.tgz 0ms (cache hit)
94 http cache fast-glob@https://registry.npmjs.org/fast-glob/-/fast-glob-3.3.3.tgz 0ms (cache hit)
95 http cache escalade@https://registry.npmjs.org/escalade/-/escalade-3.2.0.tgz 0ms (cache hit)
96 http cache fastq@https://registry.npmjs.org/fastq/-/fastq-1.20.1.tgz 0ms (cache hit)
97 http cache es-set-tostringtag@https://registry.npmjs.org/es-set-tostringtag/-/es-set-tostringtag-2.1.0.tgz 0ms (cache hit)
98 http cache es-errors@https://registry.npmjs.org/es-errors/-/es-errors-1.3.0.tgz 0ms (cache hit)
99 http cache esbuild@https://registry.npmjs.org/esbuild/-/esbuild-0.21.5.tgz 0ms (cache hit)
100 http cache es-object-atoms@https://registry.npmjs.org/es-object-atoms/-/es-object-atoms-1.1.1.tgz 0ms (cache hit)
101 http cache es-define-property@https://registry.npmjs.org/es-define-property/-/es-define-property-1.0.1.tgz 0ms (cache hit)
102 http cache dunder-proto@https://registry.npmjs.org/dunder-proto/-/dunder-proto-1.0.1.tgz 0ms (cache hit)
103 http cache electron-to-chromium@https://registry.npmjs.org/electron-to-chromium/-/electron-to-chromium-1.5.352.tgz 0ms (cache hit)
104 http cache dlv@https://registry.npmjs.org/dlv/-/dlv-1.1.3.tgz 0ms (cache hit)
105 http cache didyoumean@https://registry.npmjs.org/didyoumean/-/didyoumean-1.2.2.tgz 0ms (cache hit)
106 http cache debug@https://registry.npmjs.org/debug/-/debug-4.4.3.tgz 0ms (cache hit)
107 http cache delayed-stream@https://registry.npmjs.org/delayed-stream/-/delayed-stream-1.0.0.tgz 0ms (cache hit)
108 http cache convert-source-map@https://registry.npmjs.org/convert-source-map/-/convert-source-map-2.0.0.tgz 0ms (cache hit)
109 http cache cssesc@https://registry.npmjs.org/cssesc/-/cssesc-3.0.0.tgz 0ms (cache hit)
110 http cache combined-stream@https://registry.npmjs.org/combined-stream/-/combined-stream-1.0.8.tgz 0ms (cache hit)
111 http cache commander@https://registry.npmjs.org/commander/-/commander-4.1.1.tgz 0ms (cache hit)
112 http cache chokidar@https://registry.npmjs.org/chokidar/-/chokidar-3.6.0.tgz 0ms (cache hit)
113 http cache call-bind-apply-helpers@https://registry.npmjs.org/call-bind-apply-helpers/-/call-bind-apply-helpers-1.0.2.tgz 0ms (cache hit)
114 http cache caniuse-lite@https://registry.npmjs.org/caniuse-lite/-/caniuse-lite-1.0.30001792.tgz 0ms (cache hit)
115 http cache camelcase-css@https://registry.npmjs.org/camelcase-css/-/camelcase-css-2.0.1.tgz 0ms (cache hit)
116 http cache braces@https://registry.npmjs.org/braces/-/braces-3.0.3.tgz 0ms (cache hit)
117 http cache browserslist@https://registry.npmjs.org/browserslist/-/browserslist-4.28.2.tgz 0ms (cache hit)
118 http cache binary-extensions@https://registry.npmjs.org/binary-extensions/-/binary-extensions-2.3.0.tgz 0ms (cache hit)
119 http cache axios@https://registry.npmjs.org/axios/-/axios-1.16.0.tgz 0ms (cache hit)
120 http cache baseline-browser-mapping@https://registry.npmjs.org/baseline-browser-mapping/-/baseline-browser-mapping-2.10.27.tgz 0ms (cache hit)
121 http cache autoprefixer@https://registry.npmjs.org/autoprefixer/-/autoprefixer-10.5.0.tgz 0ms (cache hit)
122 http cache anymatch@https://registry.npmjs.org/anymatch/-/anymatch-3.1.3.tgz 0ms (cache hit)
123 http cache asynckit@https://registry.npmjs.org/asynckit/-/asynckit-0.4.0.tgz 0ms (cache hit)
124 http cache arg@https://registry.npmjs.org/arg/-/arg-5.0.2.tgz 0ms (cache hit)
125 http cache @vitejs/plugin-react@https://registry.npmjs.org/@vitejs/plugin-react/-/plugin-react-4.7.0.tgz 0ms (cache hit)
126 http cache any-promise@https://registry.npmjs.org/any-promise/-/any-promise-1.3.0.tgz 0ms (cache hit)
127 http cache @types/estree@https://registry.npmjs.org/@types/estree/-/estree-1.0.8.tgz 0ms (cache hit)
128 http cache @types/babel__core@https://registry.npmjs.org/@types/babel__core/-/babel__core-7.20.5.tgz 0ms (cache hit)
129 http cache @types/babel__traverse@https://registry.npmjs.org/@types/babel__traverse/-/babel__traverse-7.28.0.tgz 0ms (cache hit)
130 http cache @types/babel__generator@https://registry.npmjs.org/@types/babel__generator/-/babel__generator-7.27.0.tgz 0ms (cache hit)
131 http cache @remix-run/router@https://registry.npmjs.org/@remix-run/router/-/router-1.23.2.tgz 0ms (cache hit)
132 http cache @types/babel__template@https://registry.npmjs.org/@types/babel__template/-/babel__template-7.4.4.tgz 0ms (cache hit)
133 http cache @nodelib/fs.walk@https://registry.npmjs.org/@nodelib/fs.walk/-/fs.walk-1.2.8.tgz 0ms (cache hit)
134 http cache @rollup/rollup-win32-x64-gnu@https://registry.npmjs.org/@rollup/rollup-win32-x64-gnu/-/rollup-win32-x64-gnu-4.60.3.tgz 0ms (cache hit)
135 http cache @rolldown/pluginutils@https://registry.npmjs.org/@rolldown/pluginutils/-/pluginutils-1.0.0-beta.27.tgz 0ms (cache hit)
136 http cache @rollup/rollup-win32-x64-msvc@https://registry.npmjs.org/@rollup/rollup-win32-x64-msvc/-/rollup-win32-x64-msvc-4.60.3.tgz 0ms (cache hit)
137 http cache @nodelib/fs.stat@https://registry.npmjs.org/@nodelib/fs.stat/-/fs.stat-2.0.5.tgz 0ms (cache hit)
138 http cache @nodelib/fs.scandir@https://registry.npmjs.org/@nodelib/fs.scandir/-/fs.scandir-2.1.5.tgz 0ms (cache hit)
139 http cache @jridgewell/trace-mapping@https://registry.npmjs.org/@jridgewell/trace-mapping/-/trace-mapping-0.3.31.tgz 0ms (cache hit)
140 http cache @jridgewell/remapping@https://registry.npmjs.org/@jridgewell/remapping/-/remapping-2.3.5.tgz 0ms (cache hit)
141 http cache @jridgewell/sourcemap-codec@https://registry.npmjs.org/@jridgewell/sourcemap-codec/-/sourcemap-codec-1.5.5.tgz 0ms (cache hit)
142 http cache @jridgewell/resolve-uri@https://registry.npmjs.org/@jridgewell/resolve-uri/-/resolve-uri-3.1.2.tgz 0ms (cache hit)
143 http cache @jridgewell/gen-mapping@https://registry.npmjs.org/@jridgewell/gen-mapping/-/gen-mapping-0.3.13.tgz 0ms (cache hit)
144 http cache @esbuild/win32-x64@https://registry.npmjs.org/@esbuild/win32-x64/-/win32-x64-0.21.5.tgz 0ms (cache hit)
145 http cache @babel/types@https://registry.npmjs.org/@babel/types/-/types-7.29.0.tgz 0ms (cache hit)
146 http cache @babel/traverse@https://registry.npmjs.org/@babel/traverse/-/traverse-7.29.0.tgz 0ms (cache hit)
147 http cache @babel/plugin-transform-react-jsx-source@https://registry.npmjs.org/@babel/plugin-transform-react-jsx-source/-/plugin-transform-react-jsx-source-7.27.1.tgz 0ms (cache hit)
148 http cache @babel/parser@https://registry.npmjs.org/@babel/parser/-/parser-7.29.3.tgz 0ms (cache hit)
149 http cache @babel/template@https://registry.npmjs.org/@babel/template/-/template-7.28.6.tgz 0ms (cache hit)
150 http cache @babel/helper-validator-option@https://registry.npmjs.org/@babel/helper-validator-option/-/helper-validator-option-7.27.1.tgz 0ms (cache hit)
151 http cache @babel/plugin-transform-react-jsx-self@https://registry.npmjs.org/@babel/plugin-transform-react-jsx-self/-/plugin-transform-react-jsx-self-7.27.1.tgz 0ms (cache hit)
152 http cache @babel/helpers@https://registry.npmjs.org/@babel/helpers/-/helpers-7.29.2.tgz 0ms (cache hit)
153 http cache @babel/helper-string-parser@https://registry.npmjs.org/@babel/helper-string-parser/-/helper-string-parser-7.27.1.tgz 0ms (cache hit)
154 http cache @babel/helper-validator-identifier@https://registry.npmjs.org/@babel/helper-validator-identifier/-/helper-validator-identifier-7.28.5.tgz 0ms (cache hit)
155 http cache @babel/helper-plugin-utils@https://registry.npmjs.org/@babel/helper-plugin-utils/-/helper-plugin-utils-7.28.6.tgz 0ms (cache hit)
156 http cache @babel/helper-module-imports@https://registry.npmjs.org/@babel/helper-module-imports/-/helper-module-imports-7.28.6.tgz 0ms (cache hit)
157 http cache @babel/helper-module-transforms@https://registry.npmjs.org/@babel/helper-module-transforms/-/helper-module-transforms-7.28.6.tgz 0ms (cache hit)
158 http cache @babel/helper-compilation-targets@https://registry.npmjs.org/@babel/helper-compilation-targets/-/helper-compilation-targets-7.28.6.tgz 0ms (cache hit)
159 http cache @babel/helper-globals@https://registry.npmjs.org/@babel/helper-globals/-/helper-globals-7.28.0.tgz 0ms (cache hit)
160 http cache @babel/core@https://registry.npmjs.org/@babel/core/-/core-7.29.0.tgz 0ms (cache hit)
161 http cache fdir@https://registry.npmjs.org/fdir/-/fdir-6.5.0.tgz 0ms (cache hit)
162 http cache @alloc/quick-lru@https://registry.npmjs.org/@alloc/quick-lru/-/quick-lru-5.2.0.tgz 0ms (cache hit)
163 http cache glob-parent@https://registry.npmjs.org/glob-parent/-/glob-parent-5.1.2.tgz 0ms (cache hit)
164 http cache @babel/generator@https://registry.npmjs.org/@babel/generator/-/generator-7.29.1.tgz 0ms (cache hit)
165 http cache @babel/compat-data@https://registry.npmjs.org/@babel/compat-data/-/compat-data-7.29.3.tgz 0ms (cache hit)
166 http cache @babel/code-frame@https://registry.npmjs.org/@babel/code-frame/-/code-frame-7.29.0.tgz 0ms (cache hit)
167 silly tarball no local data for yallist@https://registry.npmjs.org/yallist/-/yallist-3.1.1.tgz. Extracting by manifest.
168 silly tarball no local data for util-deprecate@https://registry.npmjs.org/util-deprecate/-/util-deprecate-1.0.2.tgz. Extracting by manifest.
169 http cache glob-parent@https://registry.npmjs.org/glob-parent/-/glob-parent-5.1.2.tgz 0ms (cache hit)
170 silly tarball no local data for vite@https://registry.npmjs.org/vite/-/vite-5.4.21.tgz. Extracting by manifest.
171 silly tarball no local data for update-browserslist-db@https://registry.npmjs.org/update-browserslist-db/-/update-browserslist-db-1.2.3.tgz. Extracting by manifest.
172 silly tarball no local data for to-regex-range@https://registry.npmjs.org/to-regex-range/-/to-regex-range-5.0.1.tgz. Extracting by manifest.
173 silly tarball no local data for ts-interface-checker@https://registry.npmjs.org/ts-interface-checker/-/ts-interface-checker-0.1.13.tgz. Extracting by manifest.
174 silly tarball no local data for thenify-all@https://registry.npmjs.org/thenify-all/-/thenify-all-1.6.0.tgz. Extracting by manifest.
175 silly tarball no local data for tinyglobby@https://registry.npmjs.org/tinyglobby/-/tinyglobby-0.2.16.tgz. Extracting by manifest.
176 silly tarball no local data for thenify@https://registry.npmjs.org/thenify/-/thenify-3.3.1.tgz. Extracting by manifest.
177 silly tarball no local data for supports-preserve-symlinks-flag@https://registry.npmjs.org/supports-preserve-symlinks-flag/-/supports-preserve-symlinks-flag-1.0.0.tgz. Extracting by manifest.
178 http cache picomatch@https://registry.npmjs.org/picomatch/-/picomatch-4.0.4.tgz 0ms (cache hit)
179 silly tarball no local data for tailwindcss@https://registry.npmjs.org/tailwindcss/-/tailwindcss-3.4.19.tgz. Extracting by manifest.
180 silly tarball no local data for sucrase@https://registry.npmjs.org/sucrase/-/sucrase-3.35.1.tgz. Extracting by manifest.
181 silly tarball no local data for source-map-js@https://registry.npmjs.org/source-map-js/-/source-map-js-1.2.1.tgz. Extracting by manifest.
182 silly tarball no local data for run-parallel@https://registry.npmjs.org/run-parallel/-/run-parallel-1.2.0.tgz. Extracting by manifest.
183 silly tarball no local data for scheduler@https://registry.npmjs.org/scheduler/-/scheduler-0.23.2.tgz. Extracting by manifest.
184 silly tarball no local data for rollup@https://registry.npmjs.org/rollup/-/rollup-4.60.3.tgz. Extracting by manifest.
185 silly tarball no local data for semver@https://registry.npmjs.org/semver/-/semver-6.3.1.tgz. Extracting by manifest.
186 silly tarball no local data for reusify@https://registry.npmjs.org/reusify/-/reusify-1.1.0.tgz. Extracting by manifest.
187 silly tarball no local data for readdirp@https://registry.npmjs.org/readdirp/-/readdirp-3.6.0.tgz. Extracting by manifest.
188 silly tarball no local data for resolve@https://registry.npmjs.org/resolve/-/resolve-1.22.12.tgz. Extracting by manifest.
189 silly tarball no local data for react-router-dom@https://registry.npmjs.org/react-router-dom/-/react-router-dom-6.30.3.tgz. Extracting by manifest.
190 silly tarball no local data for read-cache@https://registry.npmjs.org/read-cache/-/read-cache-1.0.0.tgz. Extracting by manifest.
191 silly tarball no local data for react-router@https://registry.npmjs.org/react-router/-/react-router-6.30.3.tgz. Extracting by manifest.
192 silly tarball no local data for react-refresh@https://registry.npmjs.org/react-refresh/-/react-refresh-0.17.0.tgz. Extracting by manifest.
193 silly tarball no local data for react-dom@https://registry.npmjs.org/react-dom/-/react-dom-18.3.1.tgz. Extracting by manifest.
194 silly tarball no local data for queue-microtask@https://registry.npmjs.org/queue-microtask/-/queue-microtask-1.2.3.tgz. Extracting by manifest.
195 silly tarball no local data for react@https://registry.npmjs.org/react/-/react-18.3.1.tgz. Extracting by manifest.
196 silly tarball no local data for postcss-value-parser@https://registry.npmjs.org/postcss-value-parser/-/postcss-value-parser-4.2.0.tgz. Extracting by manifest.
197 silly tarball no local data for proxy-from-env@https://registry.npmjs.org/proxy-from-env/-/proxy-from-env-2.1.0.tgz. Extracting by manifest.
198 silly tarball no local data for postcss-nested@https://registry.npmjs.org/postcss-nested/-/postcss-nested-6.2.0.tgz. Extracting by manifest.
199 silly tarball no local data for postcss-load-config@https://registry.npmjs.org/postcss-load-config/-/postcss-load-config-6.0.1.tgz. Extracting by manifest.
200 silly tarball no local data for postcss-selector-parser@https://registry.npmjs.org/postcss-selector-parser/-/postcss-selector-parser-6.1.2.tgz. Extracting by manifest.
201 silly tarball no local data for postcss-import@https://registry.npmjs.org/postcss-import/-/postcss-import-15.1.0.tgz. Extracting by manifest.
202 silly tarball no local data for postcss@https://registry.npmjs.org/postcss/-/postcss-8.5.14.tgz. Extracting by manifest.
203 silly tarball no local data for postcss-js@https://registry.npmjs.org/postcss-js/-/postcss-js-4.1.0.tgz. Extracting by manifest.
204 silly tarball no local data for pirates@https://registry.npmjs.org/pirates/-/pirates-4.0.7.tgz. Extracting by manifest.
205 silly tarball no local data for pify@https://registry.npmjs.org/pify/-/pify-2.3.0.tgz. Extracting by manifest.
206 silly tarball no local data for picomatch@https://registry.npmjs.org/picomatch/-/picomatch-2.3.2.tgz. Extracting by manifest.
207 silly tarball no local data for picocolors@https://registry.npmjs.org/picocolors/-/picocolors-1.1.1.tgz. Extracting by manifest.
208 silly tarball no local data for object-assign@https://registry.npmjs.org/object-assign/-/object-assign-4.1.1.tgz. Extracting by manifest.
209 silly tarball no local data for normalize-path@https://registry.npmjs.org/normalize-path/-/normalize-path-3.0.0.tgz. Extracting by manifest.
210 silly tarball no local data for object-hash@https://registry.npmjs.org/object-hash/-/object-hash-3.0.0.tgz. Extracting by manifest.
211 silly tarball no local data for path-parse@https://registry.npmjs.org/path-parse/-/path-parse-1.0.7.tgz. Extracting by manifest.
212 silly tarball no local data for node-releases@https://registry.npmjs.org/node-releases/-/node-releases-2.0.38.tgz. Extracting by manifest.
213 silly tarball no local data for nanoid@https://registry.npmjs.org/nanoid/-/nanoid-3.3.12.tgz. Extracting by manifest.
214 silly tarball no local data for ms@https://registry.npmjs.org/ms/-/ms-2.1.3.tgz. Extracting by manifest.
215 silly tarball no local data for mz@https://registry.npmjs.org/mz/-/mz-2.7.0.tgz. Extracting by manifest.
216 silly tarball no local data for mime-types@https://registry.npmjs.org/mime-types/-/mime-types-2.1.35.tgz. Extracting by manifest.
217 silly tarball no local data for mime-db@https://registry.npmjs.org/mime-db/-/mime-db-1.52.0.tgz. Extracting by manifest.
218 silly tarball no local data for micromatch@https://registry.npmjs.org/micromatch/-/micromatch-4.0.8.tgz. Extracting by manifest.
219 silly tarball no local data for merge2@https://registry.npmjs.org/merge2/-/merge2-1.4.1.tgz. Extracting by manifest.
220 silly tarball no local data for lru-cache@https://registry.npmjs.org/lru-cache/-/lru-cache-5.1.1.tgz. Extracting by manifest.
221 silly tarball no local data for math-intrinsics@https://registry.npmjs.org/math-intrinsics/-/math-intrinsics-1.1.0.tgz. Extracting by manifest.
222 silly tarball no local data for loose-envify@https://registry.npmjs.org/loose-envify/-/loose-envify-1.4.0.tgz. Extracting by manifest.
223 silly tarball no local data for lilconfig@https://registry.npmjs.org/lilconfig/-/lilconfig-3.1.3.tgz. Extracting by manifest.
224 silly tarball no local data for lines-and-columns@https://registry.npmjs.org/lines-and-columns/-/lines-and-columns-1.2.4.tgz. Extracting by manifest.
225 silly tarball no local data for json5@https://registry.npmjs.org/json5/-/json5-2.2.3.tgz. Extracting by manifest.
226 silly tarball no local data for js-tokens@https://registry.npmjs.org/js-tokens/-/js-tokens-4.0.0.tgz. Extracting by manifest.
227 silly tarball no local data for jsesc@https://registry.npmjs.org/jsesc/-/jsesc-3.1.0.tgz. Extracting by manifest.
228 silly tarball no local data for jiti@https://registry.npmjs.org/jiti/-/jiti-1.21.7.tgz. Extracting by manifest.
229 silly tarball no local data for is-number@https://registry.npmjs.org/is-number/-/is-number-7.0.0.tgz. Extracting by manifest.
230 silly tarball no local data for is-core-module@https://registry.npmjs.org/is-core-module/-/is-core-module-2.16.2.tgz. Extracting by manifest.
231 silly tarball no local data for is-glob@https://registry.npmjs.org/is-glob/-/is-glob-4.0.3.tgz. Extracting by manifest.
232 silly tarball no local data for is-extglob@https://registry.npmjs.org/is-extglob/-/is-extglob-2.1.1.tgz. Extracting by manifest.
233 silly tarball no local data for hasown@https://registry.npmjs.org/hasown/-/hasown-2.0.3.tgz. Extracting by manifest.
234 silly tarball no local data for has-tostringtag@https://registry.npmjs.org/has-tostringtag/-/has-tostringtag-1.0.2.tgz. Extracting by manifest.
235 silly tarball no local data for is-binary-path@https://registry.npmjs.org/is-binary-path/-/is-binary-path-2.1.0.tgz. Extracting by manifest.
236 silly tarball no local data for gopd@https://registry.npmjs.org/gopd/-/gopd-1.2.0.tgz. Extracting by manifest.
237 silly tarball no local data for glob-parent@https://registry.npmjs.org/glob-parent/-/glob-parent-6.0.2.tgz. Extracting by manifest.
238 silly tarball no local data for get-proto@https://registry.npmjs.org/get-proto/-/get-proto-1.0.1.tgz. Extracting by manifest.
239 silly tarball no local data for has-symbols@https://registry.npmjs.org/has-symbols/-/has-symbols-1.1.0.tgz. Extracting by manifest.
240 silly tarball no local data for get-intrinsic@https://registry.npmjs.org/get-intrinsic/-/get-intrinsic-1.3.0.tgz. Extracting by manifest.
241 silly tarball no local data for gensync@https://registry.npmjs.org/gensync/-/gensync-1.0.0-beta.2.tgz. Extracting by manifest.
242 silly tarball no local data for function-bind@https://registry.npmjs.org/function-bind/-/function-bind-1.1.2.tgz. Extracting by manifest.
243 silly tarball no local data for fraction.js@https://registry.npmjs.org/fraction.js/-/fraction.js-5.3.4.tgz. Extracting by manifest.
244 silly tarball no local data for form-data@https://registry.npmjs.org/form-data/-/form-data-4.0.5.tgz. Extracting by manifest.
245 silly tarball no local data for fill-range@https://registry.npmjs.org/fill-range/-/fill-range-7.1.1.tgz. Extracting by manifest.
246 silly tarball no local data for follow-redirects@https://registry.npmjs.org/follow-redirects/-/follow-redirects-1.16.0.tgz. Extracting by manifest.
247 silly tarball no local data for fast-glob@https://registry.npmjs.org/fast-glob/-/fast-glob-3.3.3.tgz. Extracting by manifest.
248 silly tarball no local data for escalade@https://registry.npmjs.org/escalade/-/escalade-3.2.0.tgz. Extracting by manifest.
249 silly tarball no local data for fastq@https://registry.npmjs.org/fastq/-/fastq-1.20.1.tgz. Extracting by manifest.
250 silly tarball no local data for es-set-tostringtag@https://registry.npmjs.org/es-set-tostringtag/-/es-set-tostringtag-2.1.0.tgz. Extracting by manifest.
251 silly tarball no local data for es-errors@https://registry.npmjs.org/es-errors/-/es-errors-1.3.0.tgz. Extracting by manifest.
252 silly tarball no local data for esbuild@https://registry.npmjs.org/esbuild/-/esbuild-0.21.5.tgz. Extracting by manifest.
253 silly tarball no local data for es-object-atoms@https://registry.npmjs.org/es-object-atoms/-/es-object-atoms-1.1.1.tgz. Extracting by manifest.
254 silly tarball no local data for es-define-property@https://registry.npmjs.org/es-define-property/-/es-define-property-1.0.1.tgz. Extracting by manifest.
255 silly tarball no local data for dunder-proto@https://registry.npmjs.org/dunder-proto/-/dunder-proto-1.0.1.tgz. Extracting by manifest.
256 silly tarball no local data for electron-to-chromium@https://registry.npmjs.org/electron-to-chromium/-/electron-to-chromium-1.5.352.tgz. Extracting by manifest.
257 silly tarball no local data for dlv@https://registry.npmjs.org/dlv/-/dlv-1.1.3.tgz. Extracting by manifest.
258 silly tarball no local data for didyoumean@https://registry.npmjs.org/didyoumean/-/didyoumean-1.2.2.tgz. Extracting by manifest.
259 silly tarball no local data for debug@https://registry.npmjs.org/debug/-/debug-4.4.3.tgz. Extracting by manifest.
260 silly tarball no local data for delayed-stream@https://registry.npmjs.org/delayed-stream/-/delayed-stream-1.0.0.tgz. Extracting by manifest.
261 silly tarball no local data for convert-source-map@https://registry.npmjs.org/convert-source-map/-/convert-source-map-2.0.0.tgz. Extracting by manifest.
262 silly tarball no local data for cssesc@https://registry.npmjs.org/cssesc/-/cssesc-3.0.0.tgz. Extracting by manifest.
263 silly tarball no local data for combined-stream@https://registry.npmjs.org/combined-stream/-/combined-stream-1.0.8.tgz. Extracting by manifest.
264 silly tarball no local data for commander@https://registry.npmjs.org/commander/-/commander-4.1.1.tgz. Extracting by manifest.
265 silly tarball no local data for chokidar@https://registry.npmjs.org/chokidar/-/chokidar-3.6.0.tgz. Extracting by manifest.
266 silly tarball no local data for call-bind-apply-helpers@https://registry.npmjs.org/call-bind-apply-helpers/-/call-bind-apply-helpers-1.0.2.tgz. Extracting by manifest.
267 silly tarball no local data for caniuse-lite@https://registry.npmjs.org/caniuse-lite/-/caniuse-lite-1.0.30001792.tgz. Extracting by manifest.
268 silly tarball no local data for camelcase-css@https://registry.npmjs.org/camelcase-css/-/camelcase-css-2.0.1.tgz. Extracting by manifest.
269 silly tarball no local data for braces@https://registry.npmjs.org/braces/-/braces-3.0.3.tgz. Extracting by manifest.
270 silly tarball no local data for browserslist@https://registry.npmjs.org/browserslist/-/browserslist-4.28.2.tgz. Extracting by manifest.
271 silly tarball no local data for binary-extensions@https://registry.npmjs.org/binary-extensions/-/binary-extensions-2.3.0.tgz. Extracting by manifest.
272 silly tarball no local data for axios@https://registry.npmjs.org/axios/-/axios-1.16.0.tgz. Extracting by manifest.
273 silly tarball no local data for baseline-browser-mapping@https://registry.npmjs.org/baseline-browser-mapping/-/baseline-browser-mapping-2.10.27.tgz. Extracting by manifest.
274 silly tarball no local data for autoprefixer@https://registry.npmjs.org/autoprefixer/-/autoprefixer-10.5.0.tgz. Extracting by manifest.
275 silly tarball no local data for anymatch@https://registry.npmjs.org/anymatch/-/anymatch-3.1.3.tgz. Extracting by manifest.
276 silly tarball no local data for asynckit@https://registry.npmjs.org/asynckit/-/asynckit-0.4.0.tgz. Extracting by manifest.
277 silly tarball no local data for arg@https://registry.npmjs.org/arg/-/arg-5.0.2.tgz. Extracting by manifest.
278 silly tarball no local data for @vitejs/plugin-react@https://registry.npmjs.org/@vitejs/plugin-react/-/plugin-react-4.7.0.tgz. Extracting by manifest.
279 silly tarball no local data for any-promise@https://registry.npmjs.org/any-promise/-/any-promise-1.3.0.tgz. Extracting by manifest.
280 silly tarball no local data for @types/estree@https://registry.npmjs.org/@types/estree/-/estree-1.0.8.tgz. Extracting by manifest.
281 silly tarball no local data for @types/babel__core@https://registry.npmjs.org/@types/babel__core/-/babel__core-7.20.5.tgz. Extracting by manifest.
282 silly tarball no local data for @types/babel__traverse@https://registry.npmjs.org/@types/babel__traverse/-/babel__traverse-7.28.0.tgz. Extracting by manifest.
283 silly tarball no local data for @types/babel__generator@https://registry.npmjs.org/@types/babel__generator/-/babel__generator-7.27.0.tgz. Extracting by manifest.
284 silly tarball no local data for @remix-run/router@https://registry.npmjs.org/@remix-run/router/-/router-1.23.2.tgz. Extracting by manifest.
285 silly tarball no local data for @types/babel__template@https://registry.npmjs.org/@types/babel__template/-/babel__template-7.4.4.tgz. Extracting by manifest.
286 silly tarball no local data for @nodelib/fs.walk@https://registry.npmjs.org/@nodelib/fs.walk/-/fs.walk-1.2.8.tgz. Extracting by manifest.
287 silly tarball no local data for @rollup/rollup-win32-x64-gnu@https://registry.npmjs.org/@rollup/rollup-win32-x64-gnu/-/rollup-win32-x64-gnu-4.60.3.tgz. Extracting by manifest.
288 silly tarball no local data for @rolldown/pluginutils@https://registry.npmjs.org/@rolldown/pluginutils/-/pluginutils-1.0.0-beta.27.tgz. Extracting by manifest.
289 silly tarball no local data for @rollup/rollup-win32-x64-msvc@https://registry.npmjs.org/@rollup/rollup-win32-x64-msvc/-/rollup-win32-x64-msvc-4.60.3.tgz. Extracting by manifest.
290 silly tarball no local data for @nodelib/fs.stat@https://registry.npmjs.org/@nodelib/fs.stat/-/fs.stat-2.0.5.tgz. Extracting by manifest.
291 silly tarball no local data for @nodelib/fs.scandir@https://registry.npmjs.org/@nodelib/fs.scandir/-/fs.scandir-2.1.5.tgz. Extracting by manifest.
292 silly tarball no local data for @jridgewell/trace-mapping@https://registry.npmjs.org/@jridgewell/trace-mapping/-/trace-mapping-0.3.31.tgz. Extracting by manifest.
293 silly tarball no local data for @jridgewell/remapping@https://registry.npmjs.org/@jridgewell/remapping/-/remapping-2.3.5.tgz. Extracting by manifest.
294 silly tarball no local data for @jridgewell/sourcemap-codec@https://registry.npmjs.org/@jridgewell/sourcemap-codec/-/sourcemap-codec-1.5.5.tgz. Extracting by manifest.
295 silly tarball no local data for @jridgewell/resolve-uri@https://registry.npmjs.org/@jridgewell/resolve-uri/-/resolve-uri-3.1.2.tgz. Extracting by manifest.
296 silly tarball no local data for @jridgewell/gen-mapping@https://registry.npmjs.org/@jridgewell/gen-mapping/-/gen-mapping-0.3.13.tgz. Extracting by manifest.
297 silly tarball no local data for @esbuild/win32-x64@https://registry.npmjs.org/@esbuild/win32-x64/-/win32-x64-0.21.5.tgz. Extracting by manifest.
298 silly tarball no local data for @babel/types@https://registry.npmjs.org/@babel/types/-/types-7.29.0.tgz. Extracting by manifest.
299 silly tarball no local data for @babel/traverse@https://registry.npmjs.org/@babel/traverse/-/traverse-7.29.0.tgz. Extracting by manifest.
300 silly tarball no local data for @babel/plugin-transform-react-jsx-source@https://registry.npmjs.org/@babel/plugin-transform-react-jsx-source/-/plugin-transform-react-jsx-source-7.27.1.tgz. Extracting by manifest.
301 silly tarball no local data for @babel/parser@https://registry.npmjs.org/@babel/parser/-/parser-7.29.3.tgz. Extracting by manifest.
302 silly tarball no local data for @babel/template@https://registry.npmjs.org/@babel/template/-/template-7.28.6.tgz. Extracting by manifest.
303 silly tarball no local data for @babel/helper-validator-option@https://registry.npmjs.org/@babel/helper-validator-option/-/helper-validator-option-7.27.1.tgz. Extracting by manifest.
304 silly tarball no local data for @babel/plugin-transform-react-jsx-self@https://registry.npmjs.org/@babel/plugin-transform-react-jsx-self/-/plugin-transform-react-jsx-self-7.27.1.tgz. Extracting by manifest.
305 silly tarball no local data for @babel/helpers@https://registry.npmjs.org/@babel/helpers/-/helpers-7.29.2.tgz. Extracting by manifest.
306 silly tarball no local data for @babel/helper-string-parser@https://registry.npmjs.org/@babel/helper-string-parser/-/helper-string-parser-7.27.1.tgz. Extracting by manifest.
307 silly tarball no local data for @babel/helper-validator-identifier@https://registry.npmjs.org/@babel/helper-validator-identifier/-/helper-validator-identifier-7.28.5.tgz. Extracting by manifest.
308 silly tarball no local data for @babel/helper-plugin-utils@https://registry.npmjs.org/@babel/helper-plugin-utils/-/helper-plugin-utils-7.28.6.tgz. Extracting by manifest.
309 silly tarball no local data for @babel/helper-module-imports@https://registry.npmjs.org/@babel/helper-module-imports/-/helper-module-imports-7.28.6.tgz. Extracting by manifest.
310 silly tarball no local data for @babel/helper-module-transforms@https://registry.npmjs.org/@babel/helper-module-transforms/-/helper-module-transforms-7.28.6.tgz. Extracting by manifest.
311 silly tarball no local data for @babel/helper-compilation-targets@https://registry.npmjs.org/@babel/helper-compilation-targets/-/helper-compilation-targets-7.28.6.tgz. Extracting by manifest.
312 silly tarball no local data for @babel/helper-globals@https://registry.npmjs.org/@babel/helper-globals/-/helper-globals-7.28.0.tgz. Extracting by manifest.
313 silly tarball no local data for @babel/core@https://registry.npmjs.org/@babel/core/-/core-7.29.0.tgz. Extracting by manifest.
314 silly tarball no local data for fdir@https://registry.npmjs.org/fdir/-/fdir-6.5.0.tgz. Extracting by manifest.
315 silly tarball no local data for @alloc/quick-lru@https://registry.npmjs.org/@alloc/quick-lru/-/quick-lru-5.2.0.tgz. Extracting by manifest.
316 silly tarball no local data for glob-parent@https://registry.npmjs.org/glob-parent/-/glob-parent-5.1.2.tgz. Extracting by manifest.
317 silly tarball no local data for @babel/generator@https://registry.npmjs.org/@babel/generator/-/generator-7.29.1.tgz. Extracting by manifest.
318 silly tarball no local data for @babel/compat-data@https://registry.npmjs.org/@babel/compat-data/-/compat-data-7.29.3.tgz. Extracting by manifest.
319 silly tarball no local data for @babel/code-frame@https://registry.npmjs.org/@babel/code-frame/-/code-frame-7.29.0.tgz. Extracting by manifest.
320 silly tarball no local data for glob-parent@https://registry.npmjs.org/glob-parent/-/glob-parent-5.1.2.tgz. Extracting by manifest.
321 silly tarball no local data for picomatch@https://registry.npmjs.org/picomatch/-/picomatch-4.0.4.tgz. Extracting by manifest.
322 http fetch GET 200 https://registry.npmjs.org/npm 591ms
323 http fetch GET 200 https://registry.npmjs.org/run-parallel/-/run-parallel-1.2.0.tgz 259ms (cache miss)
324 http fetch POST 200 https://registry.npmjs.org/-/npm/v1/security/advisories/bulk 552ms
325 silly audit report {
325 silly audit report   '@babel/core': [
325 silly audit report     {
325 silly audit report       id: 1120793,
325 silly audit report       url: 'https://github.com/advisories/GHSA-4x5r-pxfx-6jf8',
325 silly audit report       title: '@babel/core: Arbitrary File Read via sourceMappingURL Comment',
325 silly audit report       severity: 'low',
325 silly audit report       vulnerable_versions: '<=7.29.0',
325 silly audit report       cwe: [Array],
325 silly audit report       cvss: [Object]
325 silly audit report     }
325 silly audit report   ],
325 silly audit report   esbuild: [
325 silly audit report     {
325 silly audit report       id: 1102341,
325 silly audit report       url: 'https://github.com/advisories/GHSA-67mh-4wv8-2f99',
325 silly audit report       title: 'esbuild enables any website to send any requests to the development server and read the response',
325 silly audit report       severity: 'moderate',
325 silly audit report       vulnerable_versions: '<=0.24.2',
325 silly audit report       cwe: [Array],
325 silly audit report       cvss: [Object]
325 silly audit report     }
325 silly audit report   ],
325 silly audit report   'form-data': [
325 silly audit report     {
325 silly audit report       id: 1120743,
325 silly audit report       url: 'https://github.com/advisories/GHSA-hmw2-7cc7-3qxx',
325 silly audit report       title: 'form-data: CRLF injection in form-data via unescaped multipart field names and filenames',
325 silly audit report       severity: 'high',
325 silly audit report       vulnerable_versions: '>=4.0.0 <4.0.6',
325 silly audit report       cwe: [Array],
325 silly audit report       cvss: [Object]
325 silly audit report     }
325 silly audit report   ],
325 silly audit report   'react-router': [
325 silly audit report     {
325 silly audit report       id: 1120064,
325 silly audit report       url: 'https://github.com/advisories/GHSA-2j2x-hqr9-3h42',
325 silly audit report       title: "React Router's same-origin redirect with path starting // causes open redirect via protocol-relative URL reinterpretation",
325 silly audit report       severity: 'moderate',
325 silly audit report       vulnerable_versions: '>=6.7.0 <6.30.4',
325 silly audit report       cwe: [Array],
325 silly audit report       cvss: [Object]
325 silly audit report     }
325 silly audit report   ],
325 silly audit report   vite: [
325 silly audit report     {
325 silly audit report       id: 1120784,
325 silly audit report       url: 'https://github.com/advisories/GHSA-v6wh-96g9-6wx3',
325 silly audit report       title: 'launch-editor: NTLMv2 hash disclosure via UNC path handling on Windows',
325 silly audit report       severity: 'moderate',
325 silly audit report       vulnerable_versions: '<=6.4.2',
325 silly audit report       cwe: [Array],
325 silly audit report       cvss: [Object]
325 silly audit report     },
325 silly audit report     {
325 silly audit report       id: 1120789,
325 silly audit report       url: 'https://github.com/advisories/GHSA-fx2h-pf6j-xcff',
325 silly audit report       title: 'vite: `server.fs.deny` bypass on Windows alternate paths',
325 silly audit report       severity: 'high',
325 silly audit report       vulnerable_versions: '<=6.4.2',
325 silly audit report       cwe: [Array],
325 silly audit report       cvss: [Object]
325 silly audit report     },
325 silly audit report     {
325 silly audit report       id: 1116229,
325 silly audit report       url: 'https://github.com/advisories/GHSA-4w7w-66w2-5vf9',
325 silly audit report       title: 'Vite Vulnerable to Path Traversal in Optimized Deps `.map` Handling',
325 silly audit report       severity: 'moderate',
325 silly audit report       vulnerable_versions: '<=6.4.1',
325 silly audit report       cwe: [Array],
325 silly audit report       cvss: [Object]
325 silly audit report     }
325 silly audit report   ]
325 silly audit report }
326 silly packumentCache corgi:https://registry.npmjs.org/@babel%2fcore cache-miss
327 silly packumentCache corgi:https://registry.npmjs.org/esbuild cache-miss
328 silly packumentCache corgi:https://registry.npmjs.org/form-data cache-miss
329 silly packumentCache corgi:https://registry.npmjs.org/react-router cache-miss
330 silly packumentCache corgi:https://registry.npmjs.org/vite cache-miss
331 http fetch GET 200 https://registry.npmjs.org/thenify-all/-/thenify-all-1.6.0.tgz 480ms (cache miss)
332 http fetch GET 200 https://registry.npmjs.org/yallist/-/yallist-3.1.1.tgz 495ms (cache miss)
333 http fetch GET 200 https://registry.npmjs.org/util-deprecate/-/util-deprecate-1.0.2.tgz 494ms (cache miss)
334 http fetch GET 200 https://registry.npmjs.org/thenify/-/thenify-3.3.1.tgz 495ms (cache miss)
335 http fetch GET 200 https://registry.npmjs.org/read-cache/-/read-cache-1.0.0.tgz 509ms (cache miss)
336 http fetch GET 200 https://registry.npmjs.org/update-browserslist-db/-/update-browserslist-db-1.2.3.tgz 536ms (cache miss)
337 http fetch GET 200 https://registry.npmjs.org/queue-microtask/-/queue-microtask-1.2.3.tgz 523ms (cache miss)
338 http fetch GET 200 https://registry.npmjs.org/readdirp/-/readdirp-3.6.0.tgz 538ms (cache miss)
339 http fetch GET 200 https://registry.npmjs.org/scheduler/-/scheduler-0.23.2.tgz 566ms (cache miss)
340 http fetch GET 200 https://registry.npmjs.org/postcss-nested/-/postcss-nested-6.2.0.tgz 615ms (cache miss)
341 http fetch GET 200 https://registry.npmjs.org/semver/-/semver-6.3.1.tgz 646ms (cache miss)
342 http fetch GET 200 https://registry.npmjs.org/ts-interface-checker/-/ts-interface-checker-0.1.13.tgz 663ms (cache miss)
343 http fetch GET 200 https://registry.npmjs.org/picocolors/-/picocolors-1.1.1.tgz 649ms (cache miss)
344 http fetch GET 200 https://registry.npmjs.org/pify/-/pify-2.3.0.tgz 654ms (cache miss)
345 http fetch GET 200 https://registry.npmjs.org/proxy-from-env/-/proxy-from-env-2.1.0.tgz 666ms (cache miss)
346 http fetch GET 200 https://registry.npmjs.org/pirates/-/pirates-4.0.7.tgz 672ms (cache miss)
347 http fetch GET 200 https://registry.npmjs.org/react-refresh/-/react-refresh-0.17.0.tgz 684ms (cache miss)
348 http fetch GET 200 https://registry.npmjs.org/path-parse/-/path-parse-1.0.7.tgz 674ms (cache miss)
349 http fetch GET 200 https://registry.npmjs.org/object-assign/-/object-assign-4.1.1.tgz 682ms (cache miss)
350 http fetch GET 200 https://registry.npmjs.org/normalize-path/-/normalize-path-3.0.0.tgz 682ms (cache miss)
351 http fetch GET 200 https://registry.npmjs.org/ms/-/ms-2.1.3.tgz 684ms (cache miss)
352 http fetch GET 200 https://registry.npmjs.org/object-hash/-/object-hash-3.0.0.tgz 688ms (cache miss)
353 http fetch GET 200 https://registry.npmjs.org/lru-cache/-/lru-cache-5.1.1.tgz 683ms (cache miss)
354 http fetch GET 200 https://registry.npmjs.org/merge2/-/merge2-1.4.1.tgz 686ms (cache miss)
355 http fetch GET 200 https://registry.npmjs.org/reusify/-/reusify-1.1.0.tgz 709ms (cache miss)
356 http fetch GET 200 https://registry.npmjs.org/node-releases/-/node-releases-2.0.38.tgz 694ms (cache miss)
357 http fetch GET 200 https://registry.npmjs.org/to-regex-range/-/to-regex-range-5.0.1.tgz 739ms (cache miss)
358 http fetch GET 200 https://registry.npmjs.org/lines-and-columns/-/lines-and-columns-1.2.4.tgz 709ms (cache miss)
359 http fetch GET 200 https://registry.npmjs.org/postcss-load-config/-/postcss-load-config-6.0.1.tgz 727ms (cache miss)
360 http fetch GET 200 https://registry.npmjs.org/mime-types/-/mime-types-2.1.35.tgz 721ms (cache miss)
361 http fetch GET 200 https://registry.npmjs.org/js-tokens/-/js-tokens-4.0.0.tgz 714ms (cache miss)
362 http fetch GET 200 https://registry.npmjs.org/postcss-js/-/postcss-js-4.1.0.tgz 731ms (cache miss)
363 http fetch GET 200 https://registry.npmjs.org/tinyglobby/-/tinyglobby-0.2.16.tgz 756ms (cache miss)
364 http fetch GET 200 https://registry.npmjs.org/supports-preserve-symlinks-flag/-/supports-preserve-symlinks-flag-1.0.0.tgz 768ms (cache miss)
365 http fetch GET 200 https://registry.npmjs.org/mime-db/-/mime-db-1.52.0.tgz 746ms (cache miss)
366 http fetch GET 200 https://registry.npmjs.org/loose-envify/-/loose-envify-1.4.0.tgz 741ms (cache miss)
367 http fetch GET 200 https://registry.npmjs.org/postcss-value-parser/-/postcss-value-parser-4.2.0.tgz 759ms (cache miss)
368 http fetch GET 200 https://registry.npmjs.org/jsesc/-/jsesc-3.1.0.tgz 741ms (cache miss)
369 http fetch GET 200 https://registry.npmjs.org/lilconfig/-/lilconfig-3.1.3.tgz 759ms (cache miss)
370 http fetch GET 200 https://registry.npmjs.org/micromatch/-/micromatch-4.0.8.tgz 764ms (cache miss)
371 http fetch GET 200 https://registry.npmjs.org/mz/-/mz-2.7.0.tgz 771ms (cache miss)
372 http fetch GET 200 https://registry.npmjs.org/is-binary-path/-/is-binary-path-2.1.0.tgz 755ms (cache miss)
373 http fetch GET 200 https://registry.npmjs.org/is-glob/-/is-glob-4.0.3.tgz 760ms (cache miss)
374 http fetch GET 200 https://registry.npmjs.org/hasown/-/hasown-2.0.3.tgz 761ms (cache miss)
375 http fetch GET 200 https://registry.npmjs.org/get-proto/-/get-proto-1.0.1.tgz 765ms (cache miss)
376 http fetch GET 200 https://registry.npmjs.org/is-extglob/-/is-extglob-2.1.1.tgz 780ms (cache miss)
377 http fetch GET 200 https://registry.npmjs.org/glob-parent/-/glob-parent-6.0.2.tgz 787ms (cache miss)
378 http fetch GET 200 https://registry.npmjs.org/has-symbols/-/has-symbols-1.1.0.tgz 787ms (cache miss)
379 http fetch GET 200 https://registry.npmjs.org/is-number/-/is-number-7.0.0.tgz 796ms (cache miss)
380 http fetch GET 200 https://registry.npmjs.org/postcss-import/-/postcss-import-15.1.0.tgz 825ms (cache miss)
381 http fetch GET 200 https://registry.npmjs.org/picomatch/-/picomatch-2.3.2.tgz 863ms (cache miss)
382 http fetch GET 200 https://registry.npmjs.org/es-errors/-/es-errors-1.3.0.tgz 850ms (cache miss)
383 http fetch GET 200 https://registry.npmjs.org/es-set-tostringtag/-/es-set-tostringtag-2.1.0.tgz 854ms (cache miss)
384 http fetch GET 200 https://registry.npmjs.org/fastq/-/fastq-1.20.1.tgz 858ms (cache miss)
385 http fetch GET 200 https://registry.npmjs.org/fill-range/-/fill-range-7.1.1.tgz 872ms (cache miss)
386 http fetch GET 200 https://registry.npmjs.org/gopd/-/gopd-1.2.0.tgz 909ms (cache miss)
387 http fetch GET 200 https://registry.npmjs.org/is-core-module/-/is-core-module-2.16.2.tgz 915ms (cache miss)
388 http fetch GET 200 https://registry.npmjs.org/source-map-js/-/source-map-js-1.2.1.tgz 963ms (cache miss)
389 http fetch GET 200 https://registry.npmjs.org/dlv/-/dlv-1.1.3.tgz 917ms (cache miss)
390 http fetch GET 200 https://registry.npmjs.org/gensync/-/gensync-1.0.0-beta.2.tgz 932ms (cache miss)
391 http fetch GET 200 https://registry.npmjs.org/get-intrinsic/-/get-intrinsic-1.3.0.tgz 934ms (cache miss)
392 http fetch GET 200 https://registry.npmjs.org/cssesc/-/cssesc-3.0.0.tgz 946ms (cache miss)
393 http fetch GET 200 https://registry.npmjs.org/delayed-stream/-/delayed-stream-1.0.0.tgz 953ms (cache miss)
394 http fetch GET 200 https://registry.npmjs.org/convert-source-map/-/convert-source-map-2.0.0.tgz 966ms (cache miss)
395 http fetch GET 200 https://registry.npmjs.org/combined-stream/-/combined-stream-1.0.8.tgz 966ms (cache miss)
396 http fetch GET 200 https://registry.npmjs.org/react/-/react-18.3.1.tgz 1011ms (cache miss)
397 http fetch GET 200 https://registry.npmjs.org/camelcase-css/-/camelcase-css-2.0.1.tgz 967ms (cache miss)
398 http fetch GET 200 https://registry.npmjs.org/debug/-/debug-4.4.3.tgz 979ms (cache miss)
399 http fetch GET 200 https://registry.npmjs.org/esbuild/-/esbuild-0.21.5.tgz 992ms (cache miss)
400 http fetch GET 200 https://registry.npmjs.org/escalade/-/escalade-3.2.0.tgz 1031ms (cache miss)
401 http fetch GET 200 https://registry.npmjs.org/has-tostringtag/-/has-tostringtag-1.0.2.tgz 1041ms (cache miss)
402 http fetch GET 200 https://registry.npmjs.org/function-bind/-/function-bind-1.1.2.tgz 1042ms (cache miss)
403 http fetch GET 200 https://registry.npmjs.org/binary-extensions/-/binary-extensions-2.3.0.tgz 1033ms (cache miss)
404 http fetch GET 200 https://registry.npmjs.org/es-define-property/-/es-define-property-1.0.1.tgz 1044ms (cache miss)
405 http fetch GET 200 https://registry.npmjs.org/form-data/-/form-data-4.0.5.tgz 1058ms (cache miss)
406 http fetch GET 200 https://registry.npmjs.org/arg/-/arg-5.0.2.tgz 1061ms (cache miss)
407 http fetch GET 200 https://registry.npmjs.org/didyoumean/-/didyoumean-1.2.2.tgz 1071ms (cache miss)
408 http fetch GET 200 https://registry.npmjs.org/any-promise/-/any-promise-1.3.0.tgz 1067ms (cache miss)
409 http fetch GET 200 https://registry.npmjs.org/follow-redirects/-/follow-redirects-1.16.0.tgz 1087ms (cache miss)
410 http fetch GET 200 https://registry.npmjs.org/chokidar/-/chokidar-3.6.0.tgz 1095ms (cache miss)
411 http fetch GET 200 https://registry.npmjs.org/@types/estree/-/estree-1.0.8.tgz 1090ms (cache miss)
412 http fetch GET 200 https://registry.npmjs.org/@types/babel__template/-/babel__template-7.4.4.tgz 1088ms (cache miss)
413 http fetch GET 200 https://registry.npmjs.org/@types/babel__generator/-/babel__generator-7.27.0.tgz 1091ms (cache miss)
414 http fetch GET 200 https://registry.npmjs.org/electron-to-chromium/-/electron-to-chromium-1.5.352.tgz 1107ms (cache miss)
415 http fetch GET 200 https://registry.npmjs.org/anymatch/-/anymatch-3.1.3.tgz 1101ms (cache miss)
416 http fetch GET 200 https://registry.npmjs.org/@types/babel__traverse/-/babel__traverse-7.28.0.tgz 1100ms (cache miss)
417 http fetch GET 200 https://registry.npmjs.org/@rolldown/pluginutils/-/pluginutils-1.0.0-beta.27.tgz 1098ms (cache miss)
418 http fetch GET 200 https://registry.npmjs.org/browserslist/-/browserslist-4.28.2.tgz 1110ms (cache miss)
419 http fetch GET 200 https://registry.npmjs.org/dunder-proto/-/dunder-proto-1.0.1.tgz 1126ms (cache miss)
420 http fetch GET 200 https://registry.npmjs.org/es-object-atoms/-/es-object-atoms-1.1.1.tgz 1137ms (cache miss)
421 http fetch GET 200 https://registry.npmjs.org/commander/-/commander-4.1.1.tgz 1133ms (cache miss)
422 http fetch GET 200 https://registry.npmjs.org/nanoid/-/nanoid-3.3.12.tgz 1168ms (cache miss)
423 http fetch GET 200 https://registry.npmjs.org/json5/-/json5-2.2.3.tgz 1161ms (cache miss)
424 http fetch GET 200 https://registry.npmjs.org/@types/babel__core/-/babel__core-7.20.5.tgz 1139ms (cache miss)
425 http fetch GET 200 https://registry.npmjs.org/baseline-browser-mapping/-/baseline-browser-mapping-2.10.27.tgz 1145ms (cache miss)
426 http fetch GET 200 https://registry.npmjs.org/@jridgewell/resolve-uri/-/resolve-uri-3.1.2.tgz 1155ms (cache miss)
427 http fetch GET 200 https://registry.npmjs.org/@nodelib/fs.stat/-/fs.stat-2.0.5.tgz 1169ms (cache miss)
428 http fetch GET 200 https://registry.npmjs.org/@vitejs/plugin-react/-/plugin-react-4.7.0.tgz 1177ms (cache miss)
429 http fetch GET 200 https://registry.npmjs.org/braces/-/braces-3.0.3.tgz 1199ms (cache miss)
430 http fetch GET 200 https://registry.npmjs.org/fraction.js/-/fraction.js-5.3.4.tgz 1254ms (cache miss)
431 http fetch GET 200 https://registry.npmjs.org/math-intrinsics/-/math-intrinsics-1.1.0.tgz 1294ms (cache miss)
432 http fetch GET 200 https://registry.npmjs.org/call-bind-apply-helpers/-/call-bind-apply-helpers-1.0.2.tgz 1272ms (cache miss)
433 http fetch GET 200 https://registry.npmjs.org/@babel/plugin-transform-react-jsx-source/-/plugin-transform-react-jsx-source-7.27.1.tgz 1253ms (cache miss)
434 http fetch GET 200 https://registry.npmjs.org/react-router-dom/-/react-router-dom-6.30.3.tgz 1336ms (cache miss)
435 http fetch GET 200 https://registry.npmjs.org/react-router/-/react-router-6.30.3.tgz 1346ms (cache miss)
436 http fetch GET 200 https://registry.npmjs.org/@babel/plugin-transform-react-jsx-self/-/plugin-transform-react-jsx-self-7.27.1.tgz 1288ms (cache miss)
437 http fetch GET 200 https://registry.npmjs.org/@babel/helper-string-parser/-/helper-string-parser-7.27.1.tgz 1290ms (cache miss)
438 http fetch GET 200 https://registry.npmjs.org/@babel/helper-plugin-utils/-/helper-plugin-utils-7.28.6.tgz 1320ms (cache miss)
439 http fetch GET 200 https://registry.npmjs.org/asynckit/-/asynckit-0.4.0.tgz 1424ms (cache miss)
440 http fetch GET 200 https://registry.npmjs.org/@babel/helper-module-imports/-/helper-module-imports-7.28.6.tgz 1407ms (cache miss)
441 http fetch GET 200 https://registry.npmjs.org/postcss-selector-parser/-/postcss-selector-parser-6.1.2.tgz 1495ms (cache miss)
442 http fetch GET 200 https://registry.npmjs.org/fdir/-/fdir-6.5.0.tgz 1433ms (cache miss)
443 http fetch GET 200 https://registry.npmjs.org/@babel/helper-validator-identifier/-/helper-validator-identifier-7.28.5.tgz 1438ms (cache miss)
444 http fetch GET 200 https://registry.npmjs.org/@alloc/quick-lru/-/quick-lru-5.2.0.tgz 1468ms (cache miss)
445 http fetch GET 200 https://registry.npmjs.org/glob-parent/-/glob-parent-5.1.2.tgz 1488ms (cache miss)
446 http fetch GET 200 https://registry.npmjs.org/jiti/-/jiti-1.21.7.tgz 1549ms (cache miss)
447 http fetch GET 200 https://registry.npmjs.org/@babel/compat-data/-/compat-data-7.29.3.tgz 1496ms (cache miss)
448 http fetch GET 200 https://registry.npmjs.org/glob-parent/-/glob-parent-5.1.2.tgz 1486ms (cache miss)
449 http fetch GET 200 https://registry.npmjs.org/@babel/template/-/template-7.28.6.tgz 1514ms (cache miss)
450 http fetch GET 200 https://registry.npmjs.org/form-data 1137ms (cache miss)
451 silly packumentCache corgi:https://registry.npmjs.org/form-data set size:undefined disposed:false
452 http fetch GET 200 https://registry.npmjs.org/@nodelib/fs.walk/-/fs.walk-1.2.8.tgz 1537ms (cache miss)
453 http fetch GET 200 https://registry.npmjs.org/@nodelib/fs.scandir/-/fs.scandir-2.1.5.tgz 1535ms (cache miss)
454 http fetch GET 200 https://registry.npmjs.org/@babel/code-frame/-/code-frame-7.29.0.tgz 1518ms (cache miss)
455 http fetch GET 200 https://registry.npmjs.org/@rollup/rollup-win32-x64-gnu/-/rollup-win32-x64-gnu-4.60.3.tgz 1553ms (cache miss)
456 http fetch GET 200 https://registry.npmjs.org/@babel/helper-validator-option/-/helper-validator-option-7.27.1.tgz 1546ms (cache miss)
457 http fetch GET 200 https://registry.npmjs.org/@babel/helper-globals/-/helper-globals-7.28.0.tgz 1546ms (cache miss)
458 http fetch GET 200 https://registry.npmjs.org/@babel/helper-module-transforms/-/helper-module-transforms-7.28.6.tgz 1566ms (cache miss)
459 http fetch GET 200 https://registry.npmjs.org/@babel/helper-compilation-targets/-/helper-compilation-targets-7.28.6.tgz 1570ms (cache miss)
460 http fetch GET 200 https://registry.npmjs.org/@jridgewell/sourcemap-codec/-/sourcemap-codec-1.5.5.tgz 1590ms (cache miss)
461 http fetch GET 200 https://registry.npmjs.org/@jridgewell/remapping/-/remapping-2.3.5.tgz 1596ms (cache miss)
462 http fetch GET 200 https://registry.npmjs.org/picomatch/-/picomatch-4.0.4.tgz 1554ms (cache miss)
463 http fetch GET 200 https://registry.npmjs.org/@babel/parser/-/parser-7.29.3.tgz 1609ms (cache miss)
464 http fetch GET 200 https://registry.npmjs.org/rollup/-/rollup-4.60.3.tgz 1683ms (cache miss)
465 http fetch GET 200 https://registry.npmjs.org/postcss/-/postcss-8.5.14.tgz 1676ms (cache miss)
466 http fetch GET 200 https://registry.npmjs.org/@jridgewell/gen-mapping/-/gen-mapping-0.3.13.tgz 1641ms (cache miss)
467 http fetch GET 200 https://registry.npmjs.org/react-router 1295ms (cache miss)
468 silly packumentCache corgi:https://registry.npmjs.org/react-router set size:undefined disposed:false
469 http fetch GET 200 https://registry.npmjs.org/esbuild 1384ms (cache miss)
470 silly packumentCache corgi:https://registry.npmjs.org/esbuild set size:undefined disposed:false
471 http fetch GET 200 https://registry.npmjs.org/@babel%2fcore 1414ms (cache miss)
472 silly packumentCache corgi:https://registry.npmjs.org/@babel%2fcore set size:undefined disposed:false
473 http fetch GET 200 https://registry.npmjs.org/@jridgewell/trace-mapping/-/trace-mapping-0.3.31.tgz 1835ms (cache miss)
474 http fetch GET 200 https://registry.npmjs.org/vite/-/vite-5.4.21.tgz 1916ms (cache miss)
475 http fetch GET 200 https://registry.npmjs.org/fast-glob/-/fast-glob-3.3.3.tgz 1884ms (cache miss)
476 http fetch GET 200 https://registry.npmjs.org/react-dom/-/react-dom-18.3.1.tgz 1920ms (cache miss)
477 http fetch GET 200 https://registry.npmjs.org/@remix-run/router/-/router-1.23.2.tgz 1890ms (cache miss)
478 http fetch GET 200 https://registry.npmjs.org/@rollup/rollup-win32-x64-msvc/-/rollup-win32-x64-msvc-4.60.3.tgz 1916ms (cache miss)
479 http fetch GET 200 https://registry.npmjs.org/@babel/generator/-/generator-7.29.1.tgz 1934ms (cache miss)
480 http fetch GET 200 https://registry.npmjs.org/autoprefixer/-/autoprefixer-10.5.0.tgz 2008ms (cache miss)
481 http fetch GET 200 https://registry.npmjs.org/@babel/traverse/-/traverse-7.29.0.tgz 2002ms (cache miss)
482 http fetch GET 200 https://registry.npmjs.org/resolve/-/resolve-1.22.12.tgz 2093ms (cache miss)
483 http fetch GET 200 https://registry.npmjs.org/axios/-/axios-1.16.0.tgz 2143ms (cache miss)
484 http fetch GET 200 https://registry.npmjs.org/@babel/core/-/core-7.29.0.tgz 2240ms (cache miss)
485 http fetch GET 200 https://registry.npmjs.org/@esbuild/win32-x64/-/win32-x64-0.21.5.tgz 2350ms (cache miss)
486 http fetch GET 200 https://registry.npmjs.org/sucrase/-/sucrase-3.35.1.tgz 2480ms (cache miss)
487 http fetch GET 200 https://registry.npmjs.org/@babel/types/-/types-7.29.0.tgz 2420ms (cache miss)
488 http fetch GET 200 https://registry.npmjs.org/vite 2086ms (cache miss)
489 silly packumentCache corgi:https://registry.npmjs.org/vite set size:undefined disposed:false
490 silly packumentCache corgi:https://registry.npmjs.org/@babel%2fhelper-module-transforms cache-miss
491 silly packumentCache corgi:https://registry.npmjs.org/@babel%2fplugin-transform-react-jsx-self cache-miss
492 silly packumentCache corgi:https://registry.npmjs.org/@babel%2fplugin-transform-react-jsx-source cache-miss
493 silly packumentCache corgi:https://registry.npmjs.org/@vitejs%2fplugin-react cache-miss
494 http fetch GET 200 https://registry.npmjs.org/tailwindcss/-/tailwindcss-3.4.19.tgz 2641ms (cache miss)
495 http fetch GET 200 https://registry.npmjs.org/@babel/helpers/-/helpers-7.29.2.tgz 2567ms (cache miss)
496 http fetch GET 200 https://registry.npmjs.org/@babel%2fplugin-transform-react-jsx-self 54ms (cache miss)
497 silly packumentCache corgi:https://registry.npmjs.org/@babel%2fplugin-transform-react-jsx-self set size:undefined disposed:false
498 http fetch GET 200 https://registry.npmjs.org/@babel%2fplugin-transform-react-jsx-source 79ms (cache miss)
499 silly packumentCache corgi:https://registry.npmjs.org/@babel%2fplugin-transform-react-jsx-source set size:undefined disposed:false
500 http fetch GET 200 https://registry.npmjs.org/@babel%2fhelper-module-transforms 93ms (cache miss)
501 silly packumentCache corgi:https://registry.npmjs.org/@babel%2fhelper-module-transforms set size:undefined disposed:false
502 http fetch GET 200 https://registry.npmjs.org/@vitejs%2fplugin-react 96ms (cache miss)
503 silly packumentCache corgi:https://registry.npmjs.org/@vitejs%2fplugin-react set size:undefined disposed:false
504 silly packumentCache corgi:https://registry.npmjs.org/axios cache-miss
505 http fetch GET 200 https://registry.npmjs.org/axios 109ms (cache miss)
506 silly packumentCache corgi:https://registry.npmjs.org/axios set size:undefined disposed:false
507 silly packumentCache corgi:https://registry.npmjs.org/react-router-dom cache-miss
508 http fetch GET 200 https://registry.npmjs.org/react-router-dom 128ms (cache miss)
509 silly packumentCache corgi:https://registry.npmjs.org/react-router-dom set size:undefined disposed:false
510 http fetch GET 200 https://registry.npmjs.org/caniuse-lite/-/caniuse-lite-1.0.30001792.tgz 4984ms (cache miss)
511 info run esbuild@0.21.5 postinstall node_modules/esbuild node install.js
512 info run esbuild@0.21.5 postinstall { code: 0, signal: null }
513 silly ADD node_modules/yallist
514 silly ADD node_modules/vite
515 silly ADD node_modules/util-deprecate
516 silly ADD node_modules/update-browserslist-db
517 silly ADD node_modules/ts-interface-checker
518 silly ADD node_modules/to-regex-range
519 silly ADD node_modules/tinyglobby
520 silly ADD node_modules/tinyglobby/node_modules/picomatch
521 silly ADD node_modules/tinyglobby/node_modules/fdir
522 silly ADD node_modules/thenify-all
523 silly ADD node_modules/thenify
524 silly ADD node_modules/tailwindcss
525 silly ADD node_modules/supports-preserve-symlinks-flag
526 silly ADD node_modules/sucrase
527 silly ADD node_modules/source-map-js
528 silly ADD node_modules/semver
529 silly ADD node_modules/scheduler
530 silly ADD node_modules/run-parallel
531 silly ADD node_modules/rollup
532 silly ADD node_modules/reusify
533 silly ADD node_modules/resolve
534 silly ADD node_modules/readdirp
535 silly ADD node_modules/read-cache
536 silly ADD node_modules/react-router-dom
537 silly ADD node_modules/react-router
538 silly ADD node_modules/react-refresh
539 silly ADD node_modules/react-dom
540 silly ADD node_modules/react
541 silly ADD node_modules/queue-microtask
542 silly ADD node_modules/proxy-from-env
543 silly ADD node_modules/postcss-value-parser
544 silly ADD node_modules/postcss-selector-parser
545 silly ADD node_modules/postcss-nested
546 silly ADD node_modules/postcss-load-config
547 silly ADD node_modules/postcss-js
548 silly ADD node_modules/postcss-import
549 silly ADD node_modules/postcss
550 silly ADD node_modules/pirates
551 silly ADD node_modules/pify
552 silly ADD node_modules/picomatch
553 silly ADD node_modules/picocolors
554 silly ADD node_modules/path-parse
555 silly ADD node_modules/object-hash
556 silly ADD node_modules/object-assign
557 silly ADD node_modules/normalize-path
558 silly ADD node_modules/node-releases
559 silly ADD node_modules/nanoid
560 silly ADD node_modules/mz
561 silly ADD node_modules/ms
562 silly ADD node_modules/mime-types
563 silly ADD node_modules/mime-db
564 silly ADD node_modules/micromatch
565 silly ADD node_modules/merge2
566 silly ADD node_modules/math-intrinsics
567 silly ADD node_modules/lru-cache
568 silly ADD node_modules/loose-envify
569 silly ADD node_modules/lines-and-columns
570 silly ADD node_modules/lilconfig
571 silly ADD node_modules/json5
572 silly ADD node_modules/jsesc
573 silly ADD node_modules/js-tokens
574 silly ADD node_modules/jiti
575 silly ADD node_modules/is-number
576 silly ADD node_modules/is-glob
577 silly ADD node_modules/is-extglob
578 silly ADD node_modules/is-core-module
579 silly ADD node_modules/is-binary-path
580 silly ADD node_modules/hasown
581 silly ADD node_modules/has-tostringtag
582 silly ADD node_modules/has-symbols
583 silly ADD node_modules/gopd
584 silly ADD node_modules/glob-parent
585 silly ADD node_modules/get-proto
586 silly ADD node_modules/get-intrinsic
587 silly ADD node_modules/gensync
588 silly ADD node_modules/function-bind
589 silly ADD node_modules/fraction.js
590 silly ADD node_modules/form-data
591 silly ADD node_modules/follow-redirects
592 silly ADD node_modules/fill-range
593 silly ADD node_modules/fastq
594 silly ADD node_modules/fast-glob
595 silly ADD node_modules/fast-glob/node_modules/glob-parent
596 silly ADD node_modules/escalade
597 silly ADD node_modules/esbuild
598 silly ADD node_modules/es-set-tostringtag
599 silly ADD node_modules/es-object-atoms
600 silly ADD node_modules/es-errors
601 silly ADD node_modules/es-define-property
602 silly ADD node_modules/electron-to-chromium
603 silly ADD node_modules/dunder-proto
604 silly ADD node_modules/dlv
605 silly ADD node_modules/didyoumean
606 silly ADD node_modules/delayed-stream
607 silly ADD node_modules/debug
608 silly ADD node_modules/cssesc
609 silly ADD node_modules/convert-source-map
610 silly ADD node_modules/commander
611 silly ADD node_modules/combined-stream
612 silly ADD node_modules/chokidar
613 silly ADD node_modules/chokidar/node_modules/glob-parent
614 silly ADD node_modules/caniuse-lite
615 silly ADD node_modules/camelcase-css
616 silly ADD node_modules/call-bind-apply-helpers
617 silly ADD node_modules/browserslist
618 silly ADD node_modules/braces
619 silly ADD node_modules/binary-extensions
620 silly ADD node_modules/baseline-browser-mapping
621 silly ADD node_modules/axios
622 silly ADD node_modules/autoprefixer
623 silly ADD node_modules/asynckit
624 silly ADD node_modules/arg
625 silly ADD node_modules/anymatch
626 silly ADD node_modules/any-promise
627 silly ADD node_modules/@vitejs/plugin-react
628 silly ADD node_modules/@types/estree
629 silly ADD node_modules/@types/babel__traverse
630 silly ADD node_modules/@types/babel__template
631 silly ADD node_modules/@types/babel__generator
632 silly ADD node_modules/@types/babel__core
633 silly ADD node_modules/@rollup/rollup-win32-x64-msvc
634 silly ADD node_modules/@rollup/rollup-win32-x64-gnu
635 silly ADD node_modules/@rolldown/pluginutils
636 silly ADD node_modules/@remix-run/router
637 silly ADD node_modules/@nodelib/fs.walk
638 silly ADD node_modules/@nodelib/fs.stat
639 silly ADD node_modules/@nodelib/fs.scandir
640 silly ADD node_modules/@jridgewell/trace-mapping
641 silly ADD node_modules/@jridgewell/sourcemap-codec
642 silly ADD node_modules/@jridgewell/resolve-uri
643 silly ADD node_modules/@jridgewell/remapping
644 silly ADD node_modules/@jridgewell/gen-mapping
645 silly ADD node_modules/@esbuild/win32-x64
646 silly ADD node_modules/@babel/types
647 silly ADD node_modules/@babel/traverse
648 silly ADD node_modules/@babel/template
649 silly ADD node_modules/@babel/plugin-transform-react-jsx-source
650 silly ADD node_modules/@babel/plugin-transform-react-jsx-self
651 silly ADD node_modules/@babel/parser
652 silly ADD node_modules/@babel/helpers
653 silly ADD node_modules/@babel/helper-validator-option
654 silly ADD node_modules/@babel/helper-validator-identifier
655 silly ADD node_modules/@babel/helper-string-parser
656 silly ADD node_modules/@babel/helper-plugin-utils
657 silly ADD node_modules/@babel/helper-module-transforms
658 silly ADD node_modules/@babel/helper-module-imports
659 silly ADD node_modules/@babel/helper-globals
660 silly ADD node_modules/@babel/helper-compilation-targets
661 silly ADD node_modules/@babel/generator
662 silly ADD node_modules/@babel/core
663 silly ADD node_modules/@babel/compat-data
664 silly ADD node_modules/@babel/code-frame
665 silly ADD node_modules/@alloc/quick-lru
666 verbose cwd C:\Python_Workspace\PROJECTS\StudentManagementSystem\frontend_run2
667 verbose os Windows_NT 10.0.26200
668 verbose node v24.14.0
669 verbose npm  v11.9.0
670 notice
670 notice New minor version of npm available! 11.9.0 -> 11.17.0
670 notice Changelog: https://github.com/npm/cli/releases/tag/v11.17.0
670 notice To update run: npm install -g npm@11.17.0
670 notice  { force: true, Symbol(proc-log.meta): true }
671 verbose exit 0
672 info ok
